<?xml version="1.0" encoding="UTF-8"?>
<!-- Generated by org.testng.reporters.JUnitReportReporter -->
<testsuite skipped="0" hostname="Vostro-PC" name="com.test.mavenframework.uiAutomation.homePage.VerifyLoginWithDifferentRecords" tests="7" failures="0" timestamp="26 Sep 2017 10:50:32 GMT" time="255.670" errors="0">
  <testcase name="verifyloginWithDifferentRecords" time="129.412" classname="com.test.mavenframework.uiAutomation.homePage.VerifyLoginWithDifferentRecords"/>
  <testcase name="verifyloginWithDifferentRecords" time="126.250" classname="com.test.mavenframework.uiAutomation.homePage.VerifyLoginWithDifferentRecords"/>
  <testcase name="verifyloginWithDifferentRecords" time="0.001" classname="com.test.mavenframework.uiAutomation.homePage.VerifyLoginWithDifferentRecords"/>
  <testcase name="verifyloginWithDifferentRecords" time="0.001" classname="com.test.mavenframework.uiAutomation.homePage.VerifyLoginWithDifferentRecords"/>
  <testcase name="verifyloginWithDifferentRecords" time="0.001" classname="com.test.mavenframework.uiAutomation.homePage.VerifyLoginWithDifferentRecords"/>
  <testcase name="verifyloginWithDifferentRecords" time="0.002" classname="com.test.mavenframework.uiAutomation.homePage.VerifyLoginWithDifferentRecords"/>
  <testcase name="verifyloginWithDifferentRecords" time="0.003" classname="com.test.mavenframework.uiAutomation.homePage.VerifyLoginWithDifferentRecords"/>
</testsuite> <!-- com.test.mavenframework.uiAutomation.homePage.VerifyLoginWithDifferentRecords -->
