<?xml version="1.0" encoding="UTF-8"?>
<!-- Generated by org.testng.reporters.JUnitReportReporter -->
<testsuite skipped="0" hostname="Vostro-PC" name="com.test.mavenframework.uiAutomation.homePage.DBTest" tests="1" failures="0" timestamp="29 Sep 2017 02:53:24 GMT" time="5.306" errors="0">
  <testcase name="selectDBData" time="5.306" classname="com.test.mavenframework.uiAutomation.homePage.DBTest"/>
</testsuite> <!-- com.test.mavenframework.uiAutomation.homePage.DBTest -->
