<?xml version="1.0" encoding="UTF-8"?>
<!-- Generated by org.testng.reporters.JUnitReportReporter -->
<testsuite skipped="0" hostname="bvc19-PC" name="com.test.mavenframework.uiAutomation.Test1" tests="1" failures="0" timestamp="27 Jul 2017 02:24:11 GMT" time="9.852" errors="0">
  <testcase name="test1" time="9.852" classname="com.test.mavenframework.uiAutomation.Test1"/>
</testsuite> <!-- com.test.mavenframework.uiAutomation.Test1 -->
