<?xml version="1.0" encoding="UTF-8"?>
<!-- Generated by org.testng.reporters.JUnitReportReporter -->
<testsuite skipped="0" hostname="Vostro-PC" name="com.test.mavenframework.uiAutomation.homePage.VerifyValidLogin" tests="1" failures="0" timestamp="26 Sep 2017 10:50:32 GMT" time="2.106" errors="0">
  <testcase name="verifyLoginWithValidCredentials" time="2.106" classname="com.test.mavenframework.uiAutomation.homePage.VerifyValidLogin"/>
</testsuite> <!-- com.test.mavenframework.uiAutomation.homePage.VerifyValidLogin -->
